2022-02-21 09:50:50,857 INFO  [io.quarkus] (Quarkus Main Thread) hibernate-reactive-demo 1.0 on JVM (powered by Quarkus 2.7.1.Final) started in 2.644s. Listening on: http://localhost:8080
2022-02-21 09:50:50,858 INFO  [io.quarkus] (Quarkus Main Thread) Profile dev activated. Live Coding activated.
2022-02-21 09:50:50,859 INFO  [io.quarkus] (Quarkus Main Thread) Installed features: [cdi, hibernate-orm, hibernate-reactive, hibernate-reactive-panache, reactive-pg-client, resteasy-reactive, resteasy-reactive-jackson, smallrye-context-propagation, vertx]
2022-02-21 10:06:15,266 INFO  [org.hib.rea.pro.imp.ReactiveIntegrator] (JPA Startup Thread: default-reactive) HR000001: Hibernate Reactive
2022-02-21 10:06:15,560 ERROR [org.hib.rea.errors] (vert.x-eventloop-thread-0) HR000057: Failed to execute statement [$1select t1.track_number trackNumber,t1.op_time test1Time,t1.op_location test1Location,t2.op_time test2Time,t2.op_location test2Location from test1 t1 left join test2 t2 on t1.track_number = t2.track_number]: $2could not execute query: java.util.concurrent.CompletionException: java.util.NoSuchElementException: Column id does not exist
	at java.base/java.util.concurrent.CompletableFuture.encodeThrowable(CompletableFuture.java:314)
	at java.base/java.util.concurrent.CompletableFuture.completeThrowable(CompletableFuture.java:319)
	at java.base/java.util.concurrent.CompletableFuture$UniCompose.tryFire(CompletableFuture.java:1081)
	at java.base/java.util.concurrent.CompletableFuture.postComplete(CompletableFuture.java:506)
	at java.base/java.util.concurrent.CompletableFuture.complete(CompletableFuture.java:2073)
	at io.vertx.core.Future.lambda$toCompletionStage$2(Future.java:360)
	at io.vertx.core.impl.future.FutureImpl$3.onSuccess(FutureImpl.java:141)
	at io.vertx.core.impl.future.FutureBase.emitSuccess(FutureBase.java:60)
	at io.vertx.core.impl.future.FutureImpl.tryComplete(FutureImpl.java:211)
	at io.vertx.core.impl.future.PromiseImpl.tryComplete(PromiseImpl.java:23)
	at io.vertx.sqlclient.impl.QueryResultBuilder.tryComplete(QueryResultBuilder.java:102)
	at io.vertx.sqlclient.impl.QueryResultBuilder.tryComplete(QueryResultBuilder.java:35)
	at io.vertx.core.Promise.complete(Promise.java:66)
	at io.vertx.core.Promise.handle(Promise.java:51)
	at io.vertx.core.Promise.handle(Promise.java:29)
	at io.vertx.core.impl.future.FutureImpl$3.onSuccess(FutureImpl.java:141)
	at io.vertx.core.impl.future.FutureBase.emitSuccess(FutureBase.java:60)
	at io.vertx.core.impl.future.FutureImpl.tryComplete(FutureImpl.java:211)
	at io.vertx.core.impl.future.PromiseImpl.tryComplete(PromiseImpl.java:23)
	at io.vertx.core.impl.future.PromiseImpl.onSuccess(PromiseImpl.java:49)
	at io.vertx.core.impl.future.PromiseImpl.handle(PromiseImpl.java:41)
	at io.vertx.core.impl.future.PromiseImpl.handle(PromiseImpl.java:23)
	at io.vertx.sqlclient.impl.command.CommandResponse.fire(CommandResponse.java:46)
	at io.vertx.sqlclient.impl.SocketConnectionBase.handleMessage(SocketConnectionBase.java:287)
	at io.vertx.pgclient.impl.PgSocketConnection.handleMessage(PgSocketConnection.java:96)
	at io.vertx.sqlclient.impl.SocketConnectionBase.lambda$init$0(SocketConnectionBase.java:99)
	at io.vertx.core.impl.EventLoopContext.emit(EventLoopContext.java:50)
	at io.vertx.core.impl.ContextImpl.emit(ContextImpl.java:274)
	at io.vertx.core.impl.EventLoopContext.emit(EventLoopContext.java:22)
	at io.vertx.core.net.impl.NetSocketImpl.handleMessage(NetSocketImpl.java:394)
	at io.vertx.core.net.impl.ConnectionBase.read(ConnectionBase.java:156)
	at io.vertx.core.net.impl.VertxHandler.channelRead(VertxHandler.java:153)
	at io.netty.channel.AbstractChannelHandlerContext.invokeChannelRead(AbstractChannelHandlerContext.java:379)
	at io.netty.channel.AbstractChannelHandlerContext.invokeChannelRead(AbstractChannelHandlerContext.java:365)
	at io.netty.channel.AbstractChannelHandlerContext.fireChannelRead(AbstractChannelHandlerContext.java:357)
	at io.netty.channel.CombinedChannelDuplexHandler$DelegatingChannelHandlerContext.fireChannelRead(CombinedChannelDuplexHandler.java:436)
	at io.vertx.pgclient.impl.codec.PgEncoder.lambda$write$0(PgEncoder.java:87)
	at io.vertx.pgclient.impl.codec.PgCommandCodec.handleReadyForQuery(PgCommandCodec.java:139)
	at io.vertx.pgclient.impl.codec.PgDecoder.decodeReadyForQuery(PgDecoder.java:237)
	at io.vertx.pgclient.impl.codec.PgDecoder.channelRead(PgDecoder.java:96)
	at io.netty.channel.CombinedChannelDuplexHandler.channelRead(CombinedChannelDuplexHandler.java:251)
	at io.netty.channel.AbstractChannelHandlerContext.invokeChannelRead(AbstractChannelHandlerContext.java:379)
	at io.netty.channel.AbstractChannelHandlerContext.invokeChannelRead(AbstractChannelHandlerContext.java:365)
	at io.netty.channel.AbstractChannelHandlerContext.fireChannelRead(AbstractChannelHandlerContext.java:357)
	at io.netty.channel.DefaultChannelPipeline$HeadContext.channelRead(DefaultChannelPipeline.java:1410)
	at io.netty.channel.AbstractChannelHandlerContext.invokeChannelRead(AbstractChannelHandlerContext.java:379)
	at io.netty.channel.AbstractChannelHandlerContext.invokeChannelRead(AbstractChannelHandlerContext.java:365)
	at io.netty.channel.DefaultChannelPipeline.fireChannelRead(DefaultChannelPipeline.java:919)
	at io.netty.channel.nio.AbstractNioByteChannel$NioByteUnsafe.read(AbstractNioByteChannel.java:166)
	at io.netty.channel.nio.NioEventLoop.processSelectedKey(NioEventLoop.java:722)
	at io.netty.channel.nio.NioEventLoop.processSelectedKeysOptimized(NioEventLoop.java:658)
	at io.netty.channel.nio.NioEventLoop.processSelectedKeys(NioEventLoop.java:584)
	at io.netty.channel.nio.NioEventLoop.run(NioEventLoop.java:496)
	at io.netty.util.concurrent.SingleThreadEventExecutor$4.run(SingleThreadEventExecutor.java:986)
	at io.netty.util.internal.ThreadExecutorMap$2.run(ThreadExecutorMap.java:74)
	at io.netty.util.concurrent.FastThreadLocalRunnable.run(FastThreadLocalRunnable.java:30)
	at java.base/java.lang.Thread.run(Thread.java:829)
Caused by: java.util.NoSuchElementException: Column id does not exist
	at io.vertx.sqlclient.Row.getLong(Row.java:125)
	at org.hibernate.reactive.adaptor.impl.ResultSetAdaptor.getLong(ResultSetAdaptor.java:217)
	at org.hibernate.type.descriptor.sql.BigIntTypeDescriptor$2.doExtract(BigIntTypeDescriptor.java:63)
	at org.hibernate.type.descriptor.sql.BasicExtractor.extract(BasicExtractor.java:47)
	at org.hibernate.type.AbstractStandardBasicType.nullSafeGet(AbstractStandardBasicType.java:257)
	at org.hibernate.type.AbstractStandardBasicType.nullSafeGet(AbstractStandardBasicType.java:253)
	at org.hibernate.type.AbstractStandardBasicType.nullSafeGet(AbstractStandardBasicType.java:243)
	at org.hibernate.type.AbstractStandardBasicType.hydrate(AbstractStandardBasicType.java:329)
	at org.hibernate.loader.Loader.extractKeysFromResultSet(Loader.java:811)
	at org.hibernate.loader.Loader.getRowFromResultSet(Loader.java:735)
	at org.hibernate.loader.Loader.getRowsFromResultSet(Loader.java:1047)
	at org.hibernate.reactive.loader.custom.impl.ReactiveCustomLoader.getRowsFromResultSet(ReactiveCustomLoader.java:195)
	at org.hibernate.reactive.loader.ReactiveLoaderBasedResultSetProcessor.reactiveExtractResults(ReactiveLoaderBasedResultSetProcessor.java:73)
	at org.hibernate.reactive.loader.ReactiveLoader.reactiveProcessResultSet(ReactiveLoader.java:145)
	at org.hibernate.reactive.loader.ReactiveLoader.lambda$doReactiveQueryAndInitializeNonLazyCollections$0(ReactiveLoader.java:77)
	at java.base/java.util.concurrent.CompletableFuture$UniCompose.tryFire(CompletableFuture.java:1072)
	... 54 more

2022-02-21 10:06:15,604 INFO  [io.qua.dep.dev.IsolatedDevModeMain] (main) Attempting to start live reload endpoint to recover from previous Quarkus startup failure
2022-02-21 10:06:15,603 ERROR [io.qua.run.Application] (Quarkus Main Thread) Failed to start application (with profile dev): java.util.NoSuchElementException: Column id does not exist
	at io.vertx.sqlclient.Row.getLong(Row.java:125)
	at org.hibernate.reactive.adaptor.impl.ResultSetAdaptor.getLong(ResultSetAdaptor.java:217)
	at org.hibernate.type.descriptor.sql.BigIntTypeDescriptor$2.doExtract(BigIntTypeDescriptor.java:63)
	at org.hibernate.type.descriptor.sql.BasicExtractor.extract(BasicExtractor.java:47)
	at org.hibernate.type.AbstractStandardBasicType.nullSafeGet(AbstractStandardBasicType.java:257)
	at org.hibernate.type.AbstractStandardBasicType.nullSafeGet(AbstractStandardBasicType.java:253)
	at org.hibernate.type.AbstractStandardBasicType.nullSafeGet(AbstractStandardBasicType.java:243)
	at org.hibernate.type.AbstractStandardBasicType.hydrate(AbstractStandardBasicType.java:329)
	at org.hibernate.loader.Loader.extractKeysFromResultSet(Loader.java:811)
	at org.hibernate.loader.Loader.getRowFromResultSet(Loader.java:735)
	at org.hibernate.loader.Loader.getRowsFromResultSet(Loader.java:1047)
	at org.hibernate.reactive.loader.custom.impl.ReactiveCustomLoader.getRowsFromResultSet(ReactiveCustomLoader.java:195)
	at org.hibernate.reactive.loader.ReactiveLoaderBasedResultSetProcessor.reactiveExtractResults(ReactiveLoaderBasedResultSetProcessor.java:73)
	at org.hibernate.reactive.loader.ReactiveLoader.reactiveProcessResultSet(ReactiveLoader.java:145)
	at org.hibernate.reactive.loader.ReactiveLoader.lambda$doReactiveQueryAndInitializeNonLazyCollections$0(ReactiveLoader.java:77)
	at java.base/java.util.concurrent.CompletableFuture$UniCompose.tryFire(CompletableFuture.java:1072)
	at java.base/java.util.concurrent.CompletableFuture.postComplete(CompletableFuture.java:506)
	at java.base/java.util.concurrent.CompletableFuture.complete(CompletableFuture.java:2073)
	at io.vertx.core.Future.lambda$toCompletionStage$2(Future.java:360)
	at io.vertx.core.impl.future.FutureImpl$3.onSuccess(FutureImpl.java:141)
	at io.vertx.core.impl.future.FutureBase.emitSuccess(FutureBase.java:60)
	at io.vertx.core.impl.future.FutureImpl.tryComplete(FutureImpl.java:211)
	at io.vertx.core.impl.future.PromiseImpl.tryComplete(PromiseImpl.java:23)
	at io.vertx.sqlclient.impl.QueryResultBuilder.tryComplete(QueryResultBuilder.java:102)
	at io.vertx.sqlclient.impl.QueryResultBuilder.tryComplete(QueryResultBuilder.java:35)
	at io.vertx.core.Promise.complete(Promise.java:66)
	at io.vertx.core.Promise.handle(Promise.java:51)
	at io.vertx.core.Promise.handle(Promise.java:29)
	at io.vertx.core.impl.future.FutureImpl$3.onSuccess(FutureImpl.java:141)
	at io.vertx.core.impl.future.FutureBase.emitSuccess(FutureBase.java:60)
	at io.vertx.core.impl.future.FutureImpl.tryComplete(FutureImpl.java:211)
	at io.vertx.core.impl.future.PromiseImpl.tryComplete(PromiseImpl.java:23)
	at io.vertx.core.impl.future.PromiseImpl.onSuccess(PromiseImpl.java:49)
	at io.vertx.core.impl.future.PromiseImpl.handle(PromiseImpl.java:41)
	at io.vertx.core.impl.future.PromiseImpl.handle(PromiseImpl.java:23)
	at io.vertx.sqlclient.impl.command.CommandResponse.fire(CommandResponse.java:46)
	at io.vertx.sqlclient.impl.SocketConnectionBase.handleMessage(SocketConnectionBase.java:287)
	at io.vertx.pgclient.impl.PgSocketConnection.handleMessage(PgSocketConnection.java:96)
	at io.vertx.sqlclient.impl.SocketConnectionBase.lambda$init$0(SocketConnectionBase.java:99)
	at io.vertx.core.impl.EventLoopContext.emit(EventLoopContext.java:50)
	at io.vertx.core.impl.ContextImpl.emit(ContextImpl.java:274)
	at io.vertx.core.impl.EventLoopContext.emit(EventLoopContext.java:22)
	at io.vertx.core.net.impl.NetSocketImpl.handleMessage(NetSocketImpl.java:394)
	at io.vertx.core.net.impl.ConnectionBase.read(ConnectionBase.java:156)
	at io.vertx.core.net.impl.VertxHandler.channelRead(VertxHandler.java:153)
	at io.netty.channel.AbstractChannelHandlerContext.invokeChannelRead(AbstractChannelHandlerContext.java:379)
	at io.netty.channel.AbstractChannelHandlerContext.invokeChannelRead(AbstractChannelHandlerContext.java:365)
	at io.netty.channel.AbstractChannelHandlerContext.fireChannelRead(AbstractChannelHandlerContext.java:357)
	at io.netty.channel.CombinedChannelDuplexHandler$DelegatingChannelHandlerContext.fireChannelRead(CombinedChannelDuplexHandler.java:436)
	at io.vertx.pgclient.impl.codec.PgEncoder.lambda$write$0(PgEncoder.java:87)
	at io.vertx.pgclient.impl.codec.PgCommandCodec.handleReadyForQuery(PgCommandCodec.java:139)
	at io.vertx.pgclient.impl.codec.PgDecoder.decodeReadyForQuery(PgDecoder.java:237)
	at io.vertx.pgclient.impl.codec.PgDecoder.channelRead(PgDecoder.java:96)
	at io.netty.channel.CombinedChannelDuplexHandler.channelRead(CombinedChannelDuplexHandler.java:251)
	at io.netty.channel.AbstractChannelHandlerContext.invokeChannelRead(AbstractChannelHandlerContext.java:379)
	at io.netty.channel.AbstractChannelHandlerContext.invokeChannelRead(AbstractChannelHandlerContext.java:365)
	at io.netty.channel.AbstractChannelHandlerContext.fireChannelRead(AbstractChannelHandlerContext.java:357)
	at io.netty.channel.DefaultChannelPipeline$HeadContext.channelRead(DefaultChannelPipeline.java:1410)
	at io.netty.channel.AbstractChannelHandlerContext.invokeChannelRead(AbstractChannelHandlerContext.java:379)
	at io.netty.channel.AbstractChannelHandlerContext.invokeChannelRead(AbstractChannelHandlerContext.java:365)
	at io.netty.channel.DefaultChannelPipeline.fireChannelRead(DefaultChannelPipeline.java:919)
	at io.netty.channel.nio.AbstractNioByteChannel$NioByteUnsafe.read(AbstractNioByteChannel.java:166)
	at io.netty.channel.nio.NioEventLoop.processSelectedKey(NioEventLoop.java:722)
	at io.netty.channel.nio.NioEventLoop.processSelectedKeysOptimized(NioEventLoop.java:658)
	at io.netty.channel.nio.NioEventLoop.processSelectedKeys(NioEventLoop.java:584)
	at io.netty.channel.nio.NioEventLoop.run(NioEventLoop.java:496)
	at io.netty.util.concurrent.SingleThreadEventExecutor$4.run(SingleThreadEventExecutor.java:986)
	at io.netty.util.internal.ThreadExecutorMap$2.run(ThreadExecutorMap.java:74)
	at io.netty.util.concurrent.FastThreadLocalRunnable.run(FastThreadLocalRunnable.java:30)
	at java.base/java.lang.Thread.run(Thread.java:829)

2022-02-21 10:06:15,653 ERROR [io.qua.dep.dev.IsolatedDevModeMain] (main) Failed to start quarkus: java.lang.RuntimeException: java.lang.RuntimeException: Failed to start quarkus
	at io.quarkus.dev.appstate.ApplicationStateNotification.waitForApplicationStart(ApplicationStateNotification.java:51)
	at io.quarkus.runner.bootstrap.StartupActionImpl.runMainClass(StartupActionImpl.java:122)
	at io.quarkus.deployment.dev.IsolatedDevModeMain.firstStart(IsolatedDevModeMain.java:144)
	at io.quarkus.deployment.dev.IsolatedDevModeMain.accept(IsolatedDevModeMain.java:455)
	at io.quarkus.deployment.dev.IsolatedDevModeMain.accept(IsolatedDevModeMain.java:66)
	at io.quarkus.bootstrap.app.CuratedApplication.runInCl(CuratedApplication.java:150)
	at io.quarkus.bootstrap.app.CuratedApplication.runInAugmentClassLoader(CuratedApplication.java:106)
	at io.quarkus.deployment.dev.DevModeMain.start(DevModeMain.java:132)
	at io.quarkus.deployment.dev.DevModeMain.main(DevModeMain.java:62)
Caused by: java.lang.RuntimeException: Failed to start quarkus
	at io.quarkus.runner.ApplicationImpl.doStart(Unknown Source)
	at io.quarkus.runtime.Application.start(Application.java:101)
	at io.quarkus.runtime.ApplicationLifecycleManager.run(ApplicationLifecycleManager.java:103)
	at io.quarkus.runtime.Quarkus.run(Quarkus.java:67)
	at io.quarkus.runtime.Quarkus.run(Quarkus.java:41)
	at io.quarkus.runtime.Quarkus.run(Quarkus.java:120)
	at io.quarkus.runner.GeneratedMain.main(Unknown Source)
	at java.base/jdk.internal.reflect.NativeMethodAccessorImpl.invoke0(Native Method)
	at java.base/jdk.internal.reflect.NativeMethodAccessorImpl.invoke(NativeMethodAccessorImpl.java:62)
	at java.base/jdk.internal.reflect.DelegatingMethodAccessorImpl.invoke(DelegatingMethodAccessorImpl.java:43)
	at java.base/java.lang.reflect.Method.invoke(Method.java:566)
	at io.quarkus.runner.bootstrap.StartupActionImpl$1.run(StartupActionImpl.java:103)
	at java.base/java.lang.Thread.run(Thread.java:829)
Caused by: java.util.NoSuchElementException: Column id does not exist
	at io.vertx.sqlclient.Row.getLong(Row.java:125)
	at org.hibernate.reactive.adaptor.impl.ResultSetAdaptor.getLong(ResultSetAdaptor.java:217)
	at org.hibernate.type.descriptor.sql.BigIntTypeDescriptor$2.doExtract(BigIntTypeDescriptor.java:63)
	at org.hibernate.type.descriptor.sql.BasicExtractor.extract(BasicExtractor.java:47)
	at org.hibernate.type.AbstractStandardBasicType.nullSafeGet(AbstractStandardBasicType.java:257)
	at org.hibernate.type.AbstractStandardBasicType.nullSafeGet(AbstractStandardBasicType.java:253)
	at org.hibernate.type.AbstractStandardBasicType.nullSafeGet(AbstractStandardBasicType.java:243)
	at org.hibernate.type.AbstractStandardBasicType.hydrate(AbstractStandardBasicType.java:329)
	at org.hibernate.loader.Loader.extractKeysFromResultSet(Loader.java:811)
	at org.hibernate.loader.Loader.getRowFromResultSet(Loader.java:735)
	at org.hibernate.loader.Loader.getRowsFromResultSet(Loader.java:1047)
	at org.hibernate.reactive.loader.custom.impl.ReactiveCustomLoader.getRowsFromResultSet(ReactiveCustomLoader.java:195)
	at org.hibernate.reactive.loader.ReactiveLoaderBasedResultSetProcessor.reactiveExtractResults(ReactiveLoaderBasedResultSetProcessor.java:73)
	at org.hibernate.reactive.loader.ReactiveLoader.reactiveProcessResultSet(ReactiveLoader.java:145)
	at org.hibernate.reactive.loader.ReactiveLoader.lambda$doReactiveQueryAndInitializeNonLazyCollections$0(ReactiveLoader.java:77)
	at java.base/java.util.concurrent.CompletableFuture$UniCompose.tryFire(CompletableFuture.java:1072)
	at java.base/java.util.concurrent.CompletableFuture.postComplete(CompletableFuture.java:506)
	at java.base/java.util.concurrent.CompletableFuture.complete(CompletableFuture.java:2073)
	at io.vertx.core.Future.lambda$toCompletionStage$2(Future.java:360)
	at io.vertx.core.impl.future.FutureImpl$3.onSuccess(FutureImpl.java:141)
	at io.vertx.core.impl.future.FutureBase.emitSuccess(FutureBase.java:60)
	at io.vertx.core.impl.future.FutureImpl.tryComplete(FutureImpl.java:211)
	at io.vertx.core.impl.future.PromiseImpl.tryComplete(PromiseImpl.java:23)
	at io.vertx.sqlclient.impl.QueryResultBuilder.tryComplete(QueryResultBuilder.java:102)
	at io.vertx.sqlclient.impl.QueryResultBuilder.tryComplete(QueryResultBuilder.java:35)
	at io.vertx.core.Promise.complete(Promise.java:66)
	at io.vertx.core.Promise.handle(Promise.java:51)
	at io.vertx.core.Promise.handle(Promise.java:29)
	at io.vertx.core.impl.future.FutureImpl$3.onSuccess(FutureImpl.java:141)
	at io.vertx.core.impl.future.FutureBase.emitSuccess(FutureBase.java:60)
	at io.vertx.core.impl.future.FutureImpl.tryComplete(FutureImpl.java:211)
	at io.vertx.core.impl.future.PromiseImpl.tryComplete(PromiseImpl.java:23)
	at io.vertx.core.impl.future.PromiseImpl.onSuccess(PromiseImpl.java:49)
	at io.vertx.core.impl.future.PromiseImpl.handle(PromiseImpl.java:41)
	at io.vertx.core.impl.future.PromiseImpl.handle(PromiseImpl.java:23)
	at io.vertx.sqlclient.impl.command.CommandResponse.fire(CommandResponse.java:46)
	at io.vertx.sqlclient.impl.SocketConnectionBase.handleMessage(SocketConnectionBase.java:287)
	at io.vertx.pgclient.impl.PgSocketConnection.handleMessage(PgSocketConnection.java:96)
	at io.vertx.sqlclient.impl.SocketConnectionBase.lambda$init$0(SocketConnectionBase.java:99)
	at io.vertx.core.impl.EventLoopContext.emit(EventLoopContext.java:50)
	at io.vertx.core.impl.ContextImpl.emit(ContextImpl.java:274)
	at io.vertx.core.impl.EventLoopContext.emit(EventLoopContext.java:22)
	at io.vertx.core.net.impl.NetSocketImpl.handleMessage(NetSocketImpl.java:394)
	at io.vertx.core.net.impl.ConnectionBase.read(ConnectionBase.java:156)
	at io.vertx.core.net.impl.VertxHandler.channelRead(VertxHandler.java:153)
	at io.netty.channel.AbstractChannelHandlerContext.invokeChannelRead(AbstractChannelHandlerContext.java:379)
	at io.netty.channel.AbstractChannelHandlerContext.invokeChannelRead(AbstractChannelHandlerContext.java:365)
	at io.netty.channel.AbstractChannelHandlerContext.fireChannelRead(AbstractChannelHandlerContext.java:357)
	at io.netty.channel.CombinedChannelDuplexHandler$DelegatingChannelHandlerContext.fireChannelRead(CombinedChannelDuplexHandler.java:436)
	at io.vertx.pgclient.impl.codec.PgEncoder.lambda$write$0(PgEncoder.java:87)
	at io.vertx.pgclient.impl.codec.PgCommandCodec.handleReadyForQuery(PgCommandCodec.java:139)
	at io.vertx.pgclient.impl.codec.PgDecoder.decodeReadyForQuery(PgDecoder.java:237)
	at io.vertx.pgclient.impl.codec.PgDecoder.channelRead(PgDecoder.java:96)
	at io.netty.channel.CombinedChannelDuplexHandler.channelRead(CombinedChannelDuplexHandler.java:251)
	at io.netty.channel.AbstractChannelHandlerContext.invokeChannelRead(AbstractChannelHandlerContext.java:379)
	at io.netty.channel.AbstractChannelHandlerContext.invokeChannelRead(AbstractChannelHandlerContext.java:365)
	at io.netty.channel.AbstractChannelHandlerContext.fireChannelRead(AbstractChannelHandlerContext.java:357)
	at io.netty.channel.DefaultChannelPipeline$HeadContext.channelRead(DefaultChannelPipeline.java:1410)
	at io.netty.channel.AbstractChannelHandlerContext.invokeChannelRead(AbstractChannelHandlerContext.java:379)
	at io.netty.channel.AbstractChannelHandlerContext.invokeChannelRead(AbstractChannelHandlerContext.java:365)
	at io.netty.channel.DefaultChannelPipeline.fireChannelRead(DefaultChannelPipeline.java:919)
	at io.netty.channel.nio.AbstractNioByteChannel$NioByteUnsafe.read(AbstractNioByteChannel.java:166)
	at io.netty.channel.nio.NioEventLoop.processSelectedKey(NioEventLoop.java:722)
	at io.netty.channel.nio.NioEventLoop.processSelectedKeysOptimized(NioEventLoop.java:658)
	at io.netty.channel.nio.NioEventLoop.processSelectedKeys(NioEventLoop.java:584)
	at io.netty.channel.nio.NioEventLoop.run(NioEventLoop.java:496)
	at io.netty.util.concurrent.SingleThreadEventExecutor$4.run(SingleThreadEventExecutor.java:986)
	at io.netty.util.internal.ThreadExecutorMap$2.run(ThreadExecutorMap.java:74)
	at io.netty.util.concurrent.FastThreadLocalRunnable.run(FastThreadLocalRunnable.java:30)
	... 1 more

